\BOOKMARK [-1][-]{front.-1}{Front Matter}{}% 1
\BOOKMARK [0][-]{copyright.0}{Copyright Page}{front.-1}% 2
\BOOKMARK [0][-]{chapter*.2}{Declaration}{front.-1}% 3
\BOOKMARK [0][-]{chapter*.3}{Acknowledgements}{front.-1}% 4
\BOOKMARK [0][-]{dedication.0}{Dedication}{front.-1}% 5
\BOOKMARK [0][-]{section*.5}{Abstract}{front.-1}% 6
\BOOKMARK [0][-]{section*.6}{Table of Contents}{front.-1}% 7
\BOOKMARK [0][-]{section*.7}{List of Tables}{front.-1}% 8
\BOOKMARK [0][-]{section*.8}{List of Figures}{front.-1}% 9
\BOOKMARK [0][-]{chapter*.9}{Preface}{front.-1}% 10
\BOOKMARK [-1][-]{main.-1}{Main Chapters}{}% 11
\BOOKMARK [0][-]{chapter.1}{Introduction}{main.-1}% 12
\BOOKMARK [1][-]{section.1.1}{Basic Introduction}{chapter.1}% 13
\BOOKMARK [1][-]{section.1.2}{Project Objective}{chapter.1}% 14
\BOOKMARK [1][-]{section.1.3}{Research Motivation}{chapter.1}% 15
\BOOKMARK [1][-]{section.1.4}{Project Scope}{chapter.1}% 16
\BOOKMARK [0][-]{chapter.2}{Related Work}{main.-1}% 17
\BOOKMARK [1][-]{section.2.1}{Introduction}{chapter.2}% 18
\BOOKMARK [1][-]{section.2.2}{Driver Behaviour Analysis through Speech Emotional Understanding}{chapter.2}% 19
\BOOKMARK [2][-]{subsection.2.2.1}{Generic Self-organizing Fuzzy Neural Network \(GensoFNN\)}{section.2.2}% 20
\BOOKMARK [2][-]{subsection.2.2.2}{Driver Behavior Analysis Method}{section.2.2}% 21
\BOOKMARK [2][-]{subsection.2.2.3}{Conclusion}{section.2.2}% 22
\BOOKMARK [1][-]{section.2.3}{Driver Behaviour Analysis and Route Recognition by Hidden Markov Models}{chapter.2}% 23
\BOOKMARK [2][-]{subsection.2.3.1}{Data Collection}{section.2.3}% 24
\BOOKMARK [2][-]{subsection.2.3.2}{Conclusion}{section.2.3}% 25
\BOOKMARK [1][-]{section.2.4}{Driving Behavior Analysis Based on Vehicle OBD Information and AdaBoost Algorithms}{chapter.2}% 26
\BOOKMARK [2][-]{subsection.2.4.1}{AdaBoost Algorithms}{section.2.4}% 27
\BOOKMARK [2][-]{subsection.2.4.2}{Driving Behaviour Analysis Method}{section.2.4}% 28
\BOOKMARK [2][-]{subsection.2.4.3}{Vehicle OBD information Data Preprocessing}{section.2.4}% 29
\BOOKMARK [2][-]{subsection.2.4.4}{Experimental Results}{section.2.4}% 30
\BOOKMARK [0][-]{chapter.3}{Requirement}{main.-1}% 31
\BOOKMARK [1][-]{section.3.1}{Hardware Requirement Introduction}{chapter.3}% 32
\BOOKMARK [2][-]{subsection.3.1.1}{Vehicle OBD system}{section.3.1}% 33
\BOOKMARK [2][-]{subsection.3.1.2}{ELM327}{section.3.1}% 34
\BOOKMARK [1][-]{section.3.2}{Software Requirement Introduction}{chapter.3}% 35
\BOOKMARK [2][-]{subsection.3.2.1}{Torque\(Lite\)}{section.3.2}% 36
\BOOKMARK [2][-]{subsection.3.2.2}{KNIME Analytics Platform}{section.3.2}% 37
\BOOKMARK [0][-]{chapter.4}{Design}{main.-1}% 38
\BOOKMARK [1][-]{section.4.1}{Driving Operation Data Acquisition}{chapter.4}% 39
\BOOKMARK [1][-]{section.4.2}{Driving Operation Data Preprocessing}{chapter.4}% 40
\BOOKMARK [1][-]{section.4.3}{Data Fusion}{chapter.4}% 41
\BOOKMARK [1][-]{section.4.4}{Establish the driving operation model by K Means Algorithmn}{chapter.4}% 42
\BOOKMARK [1][-]{section.4.5}{Driving Behavior Analysis}{chapter.4}% 43
\BOOKMARK [0][-]{chapter.5}{Conclusion}{main.-1}% 44
\BOOKMARK [1][-]{section.5.1}{Introduction}{chapter.5}% 45
\BOOKMARK [1][-]{section.5.2}{Conclusion}{chapter.5}% 46
\BOOKMARK [0][-]{appendix.A}{Manuals, Technical Specifications, Documentations, Example Scenarios}{main.-1}% 47
\BOOKMARK [0][-]{appendix.B}{Appendix 2: What is appendix}{main.-1}% 48
\BOOKMARK [-1][-]{back.-1}{Back Matter}{}% 49
\BOOKMARK [0][-]{appendix*.10}{References}{back.-1}% 50
\BOOKMARK [0][-]{appendix*.11}{Notes}{back.-1}% 51
